SF:lib/core/util/input_converter.dart
DA:6,1
DA:8,1
DA:9,1
DA:10,1
DA:14,1
DA:15,2
LF:6
LH:6
end_of_record
SF:lib/error/failures.dart
DA:6,2
DA:7,2
LF:2
LH:2
end_of_record
SF:lib/core/networkInfo/network_info.dart
DA:10,1
DA:11,1
DA:12,2
LF:3
LH:3
end_of_record
SF:lib/features/number_trivia/data/datasources/number_trivia_local_data_source.dart
DA:23,1
DA:25,1
DA:26,5
DA:30,1
DA:31,2
DA:33,1
DA:34,1
DA:36,1
LF:8
LH:8
end_of_record
SF:lib/features/number_trivia/data/models/number_trivia_model.dart
DA:5,10
DA:7,3
DA:8,12
DA:10,2
DA:11,2
DA:12,2
DA:13,2
LF:7
LH:7
end_of_record
SF:lib/features/number_trivia/data/datasources/number_trivia_remote_data_source.dart
DA:22,1
DA:24,1
DA:25,1
DA:26,3
DA:27,1
DA:28,2
DA:29,1
DA:30,2
DA:32,1
DA:36,1
DA:38,2
DA:41,1
DA:43,1
LF:13
LH:13
end_of_record
SF:lib/features/number_trivia/domain/entities/number_trivia.dart
DA:7,9
DA:10,3
DA:12,3
DA:13,9
LF:4
LH:4
end_of_record
SF:lib/features/number_trivia/data/repository/number_trivia_repository_impl.dart
DA:17,1
DA:23,1
DA:25,3
DA:27,2
DA:28,3
DA:29,1
DA:30,1
DA:31,2
DA:36,3
DA:37,1
DA:38,1
DA:39,2
DA:45,1
DA:47,2
DA:48,3
DA:52,1
DA:53,5
LF:17
LH:17
end_of_record
SF:lib/features/number_trivia/domain/usecases/get_concrete_number_trivia.dart
DA:13,1
DA:16,1
DA:17,4
DA:23,1
DA:26,0
DA:27,0
LF:6
LH:4
end_of_record
SF:lib/core/usecases/usecase.dart
DA:12,0
DA:13,0
LF:2
LH:0
end_of_record
SF:lib/features/number_trivia/domain/usecases/get_random_number_trivia.dart
DA:11,1
DA:14,1
DA:15,3
LF:3
LH:3
end_of_record
